2022-01-13 11:47:36,957 - SYSTEM - Bebra
2022-01-18 10:19:47,462 - SYSTEM - Ports searching
2022-01-18 10:21:10,789 - SYSTEM - Ports searching
2022-01-18 10:21:31,009 - SYSTEM - Ports searching
2022-01-19 11:22:03,259 - SYSTEM - COM-ports searching
2022-01-26 18:10:20,450 - SYSTEM - COM-ports searching
2022-01-26 18:10:20,470 - SYSTEM - Selected: COM5
2022-01-26 22:57:54,168 - SYSTEM - Selected: COM4
2022-01-26 22:58:08,745 - SYSTEM - Selected: COM4
2022-01-26 22:58:08,776 - SYSTEM - Start engine
2022-01-26 22:58:47,777 - SYSTEM - Selected: COM4
2022-01-26 22:58:47,809 - SYSTEM - Start engine
2022-01-26 23:09:57,071 - SYSTEM - Selected: COM4
2022-01-26 23:09:57,103 - SYSTEM - Start engine
2022-01-26 23:16:25,660 - SYSTEM - Selected: COM4
2022-01-26 23:16:25,661 - SYSTEM - Start engine
2022-01-27 06:48:24,993 - SYSTEM - Selected: COM4
2022-01-27 06:49:01,989 - SYSTEM - Selected: COM4
2022-01-27 07:00:40,957 - SYSTEM - Selected: COM4
2022-01-27 07:00:59,940 - SYSTEM - Selected: COM4
2022-01-27 07:04:41,831 - SYSTEM - Selected: COM4
2022-01-27 07:06:39,392 - SYSTEM - Selected: COM4
2022-01-27 07:10:25,216 - SYSTEM - Selected: COM4
2022-01-27 09:55:40,943 - SYSTEM - Selected: COM4
2022-01-27 09:57:05,827 - SYSTEM - Selected: COM4
2022-01-27 11:07:17,614 - SYSTEM - Selected: COM4
2022-01-27 11:07:57,379 - SYSTEM - Selected: COM4
2022-01-27 11:09:57,122 - SYSTEM - Selected: COM4
2022-01-27 11:24:32,782 - SYSTEM - Selected: COM4
2022-01-27 11:29:27,278 - SYSTEM - Selected: COM4
2022-01-27 11:35:02,483 - SYSTEM - Selected: COM4
2022-01-27 11:36:20,484 - SYSTEM - Selected: COM4
2022-01-27 11:36:45,021 - SYSTEM - Selected: COM4
2022-01-27 11:37:09,899 - SYSTEM - Selected: COM4
2022-01-27 11:41:29,838 - SYSTEM - Selected: COM4
2022-01-27 11:42:08,071 - SYSTEM - Selected: COM4
2022-01-27 11:43:00,023 - SYSTEM - Selected: COM4
2022-01-27 11:46:52,087 - SYSTEM - Selected: COM5
2022-01-27 11:47:36,779 - SYSTEM - Selected: COM5
2022-01-27 11:48:46,040 - SYSTEM - Selected: COM5
2022-01-27 11:49:10,248 - SYSTEM - Selected: COM5
2022-01-27 11:52:09,561 - SYSTEM - Selected: COM5
2022-01-27 11:53:09,379 - SYSTEM - Selected: COM5
2022-01-27 11:57:10,338 - SYSTEM - Selected: COM5
2022-01-27 11:57:54,202 - SYSTEM - Selected: COM5
2022-01-27 11:58:22,498 - SYSTEM - Selected: COM5
2022-01-27 11:59:02,814 - SYSTEM - Selected: COM5
2022-01-27 12:00:04,220 - SYSTEM - Selected: COM5
2022-01-27 12:01:32,604 - SYSTEM - Selected: COM5
2022-01-27 12:04:53,770 - SYSTEM - Selected: COM5
2022-01-27 12:05:13,232 - SYSTEM - Selected: COM4
